

Version:	3.50
CmdLine:	C:\Users\THIS PC\Documents\Assignment_Group4_Tetris_Game\CapyTetris.exe --l4j-debug
JNI:		No
WOW64:		Yes
Working dir:	C:\Users\THIS PC\Documents\Assignment_Group4_Tetris_Game\.
Requires JDK:	No
Requires 64-Bit: No
Java min ver:	1.008.000
Java max ver:	
JRE paths:	jre1.8.0_161
Check launcher:	C:\Users\THIS PC\Documents\Assignment_Group4_Tetris_Game\jre1.8.0_161\bin\javaw.exe (OK)
Version string: 1.008.000_161 / 64-Bit (OK)
Launcher:	C:\Users\THIS PC\Documents\Assignment_Group4_Tetris_Game\jre1.8.0_161\bin\javaw.exe
Launcher args:	-jar "C:\Users\THIS PC\Documents\Assignment_Group4_Tetris_Game\CapyTetris.exe"
Args length:	78/32768 chars
Exit code:	0


Version:	3.50
CmdLine:	C:\Users\THIS PC\Documents\Assignment_Group4_Tetris_Game\CapyTetris.exe --l4j-debug
JNI:		No
WOW64:		Yes
Working dir:	C:\Users\THIS PC\Documents\Assignment_Group4_Tetris_Game\.
Requires JDK:	No
Requires 64-Bit: No
Java min ver:	1.008.000
Java max ver:	
JRE paths:	jre1.8.0_161
Check launcher:	C:\Users\THIS PC\Documents\Assignment_Group4_Tetris_Game\jre1.8.0_161\bin\javaw.exe (OK)
Version string: 1.008.000_161 / 64-Bit (OK)
Launcher:	C:\Users\THIS PC\Documents\Assignment_Group4_Tetris_Game\jre1.8.0_161\bin\javaw.exe
Launcher args:	-jar "C:\Users\THIS PC\Documents\Assignment_Group4_Tetris_Game\CapyTetris.exe"
Args length:	78/32768 chars
Exit code:	0


Version:	3.50
CmdLine:	C:\Users\THIS PC\Documents\Assignment_Group4_Tetris_Game\CapyTetris.exe --l4j-debug
JNI:		No
WOW64:		Yes
Working dir:	C:\Users\THIS PC\Documents\Assignment_Group4_Tetris_Game\.
Requires JDK:	No
Requires 64-Bit: No
Java min ver:	1.008.000
Java max ver:	
JRE paths:	jre1.8.0_161
Check launcher:	C:\Users\THIS PC\Documents\Assignment_Group4_Tetris_Game\jre1.8.0_161\bin\javaw.exe (OK)
Version string: 1.008.000_161 / 64-Bit (OK)
Launcher:	C:\Users\THIS PC\Documents\Assignment_Group4_Tetris_Game\jre1.8.0_161\bin\javaw.exe
Launcher args:	-jar "C:\Users\THIS PC\Documents\Assignment_Group4_Tetris_Game\CapyTetris.exe"
Args length:	78/32768 chars
Exit code:	0


Version:	3.50
CmdLine:	C:\Users\THIS PC\Documents\Assignment_Group4_Tetris_Game\CapyTetris.exe --l4j-debug
JNI:		No
WOW64:		Yes
Working dir:	C:\Users\THIS PC\Documents\Assignment_Group4_Tetris_Game\.
Requires JDK:	No
Requires 64-Bit: No
Java min ver:	1.008.000
Java max ver:	
JRE paths:	jre1.8.0_161
Check launcher:	C:\Users\THIS PC\Documents\Assignment_Group4_Tetris_Game\jre1.8.0_161\bin\javaw.exe (OK)
Version string: 1.008.000_161 / 64-Bit (OK)
Launcher:	C:\Users\THIS PC\Documents\Assignment_Group4_Tetris_Game\jre1.8.0_161\bin\javaw.exe
Launcher args:	-jar "C:\Users\THIS PC\Documents\Assignment_Group4_Tetris_Game\CapyTetris.exe"
Args length:	78/32768 chars
Exit code:	0


Version:	3.50
CmdLine:	C:\Users\THIS PC\Documents\Assignment_Group4_Tetris_Game\CapyTetris.exe --l4j-debug
JNI:		No
WOW64:		Yes
Working dir:	C:\Users\THIS PC\Documents\Assignment_Group4_Tetris_Game\.
Requires JDK:	Yes
Requires 64-Bit: Yes
Java min ver:	1.008.000
Java max ver:	
JRE paths:	C:\Users\THIS PC\Documents\Assignment_Group4_Tetris_Game\jre1.8.0_161
Check launcher:	C:\Users\THIS PC\Documents\Assignment_Group4_Tetris_Game\jre1.8.0_161\bin\javaw.exe (OK)
Check javac:	C:\Users\THIS PC\Documents\Assignment_Group4_Tetris_Game\jre1.8.0_161\bin\javac.exe (not found)
64-bit search:	SOFTWARE\JavaSoft\Java Development Kit...
Check:		SOFTWARE\JavaSoft\Java Development Kit\1.8
Version string: 1.008.000 / 64-Bit (OK)
Check launcher:	C:\Program Files\Java\jdk1.8.0_161\bin\javaw.exe (OK)
Check javac:	C:\Program Files\Java\jdk1.8.0_161\bin\javac.exe (OK)
Match:		1.008.000
Runtime used:	1.008.000 (64-bit)
Launcher:	C:\Program Files\Java\jdk1.8.0_161\bin\javaw.exe
Launcher args:	-jar "C:\Users\THIS PC\Documents\Assignment_Group4_Tetris_Game\CapyTetris.exe"
Args length:	78/32768 chars
Exit code:	0


Version:	3.50
CmdLine:	C:\Users\THIS PC\Documents\Assignment_Group4_Tetris_Game\CapyTetris.exe --l4j-debug
JNI:		No
WOW64:		Yes
Working dir:	C:\Users\THIS PC\Documents\Assignment_Group4_Tetris_Game\.
Requires JDK:	Yes
Requires 64-Bit: Yes
Java min ver:	1.008.000
Java max ver:	
JRE paths:	C:\Users\THIS PC\Documents\Assignment_Group4_Tetris_Game\jre1.8.0_161
Check launcher:	C:\Users\THIS PC\Documents\Assignment_Group4_Tetris_Game\jre1.8.0_161\bin\javaw.exe (OK)
Check javac:	C:\Users\THIS PC\Documents\Assignment_Group4_Tetris_Game\jre1.8.0_161\bin\javac.exe (not found)
64-bit search:	SOFTWARE\JavaSoft\Java Development Kit...
Check:		SOFTWARE\JavaSoft\Java Development Kit\1.8
Version string: 1.008.000 / 64-Bit (OK)
Check launcher:	C:\Program Files\Java\jdk1.8.0_161\bin\javaw.exe (OK)
Check javac:	C:\Program Files\Java\jdk1.8.0_161\bin\javac.exe (OK)
Match:		1.008.000
Runtime used:	1.008.000 (64-bit)
Launcher:	C:\Program Files\Java\jdk1.8.0_161\bin\javaw.exe
Launcher args:	-jar "C:\Users\THIS PC\Documents\Assignment_Group4_Tetris_Game\CapyTetris.exe"
Args length:	78/32768 chars
Exit code:	0


Version:	3.50
CmdLine:	C:\Users\THIS PC\Documents\Assignment_Group4_Tetris_Game\CapyTetris.exe --l4j-debug
JNI:		No
WOW64:		Yes
Working dir:	C:\Users\THIS PC\Documents\Assignment_Group4_Tetris_Game\.
Requires JDK:	Yes
Requires 64-Bit: Yes
Java min ver:	1.008.000
Java max ver:	
JRE paths:	C:\Users\THIS PC\Documents\Assignment_Group4_Tetris_Game\jre1.8.0_161
Check launcher:	C:\Users\THIS PC\Documents\Assignment_Group4_Tetris_Game\jre1.8.0_161\bin\javaw.exe (OK)
Check javac:	C:\Users\THIS PC\Documents\Assignment_Group4_Tetris_Game\jre1.8.0_161\bin\javac.exe (not found)
64-bit search:	SOFTWARE\JavaSoft\Java Development Kit...
Check:		SOFTWARE\JavaSoft\Java Development Kit\1.8
Version string: 1.008.000 / 64-Bit (OK)
Check launcher:	C:\Program Files\Java\jdk1.8.0_161\bin\javaw.exe (OK)
Check javac:	C:\Program Files\Java\jdk1.8.0_161\bin\javac.exe (OK)
Match:		1.008.000
Runtime used:	1.008.000 (64-bit)
Launcher:	C:\Program Files\Java\jdk1.8.0_161\bin\javaw.exe
Launcher args:	-jar "C:\Users\THIS PC\Documents\Assignment_Group4_Tetris_Game\CapyTetris.exe"
Args length:	78/32768 chars
Exit code:	0


Version:	3.50
CmdLine:	C:\Users\THIS PC\Documents\Assignment_Group4_Tetris_Game\CapyTetris.exe --l4j-debug
JNI:		No
WOW64:		Yes
Working dir:	C:\Users\THIS PC\Documents\Assignment_Group4_Tetris_Game\.
Requires JDK:	No
Requires 64-Bit: No
Java min ver:	
Java max ver:	
JRE paths:	C:\Users\THIS PC\Documents\Assignment_Group4_Tetris_Game\jre1.8.0_161
Check launcher:	C:\Users\THIS PC\Documents\Assignment_Group4_Tetris_Game\jre1.8.0_161\bin\javaw.exe (OK)
Version string: 1.008.000_161 / 64-Bit (OK)
Launcher:	C:\Users\THIS PC\Documents\Assignment_Group4_Tetris_Game\jre1.8.0_161\bin\javaw.exe
Launcher args:	-jar "C:\Users\THIS PC\Documents\Assignment_Group4_Tetris_Game\CapyTetris.exe"
Args length:	78/32768 chars
Exit code:	0


Version:	3.50
CmdLine:	C:\Users\THIS PC\Documents\Assignment_Group4_Tetris_Game\CapyTetris.exe --l4j-debug
JNI:		No
WOW64:		Yes
Working dir:	C:\Users\THIS PC\Documents\Assignment_Group4_Tetris_Game\.
Requires JDK:	No
Requires 64-Bit: No
Java min ver:	
Java max ver:	
JRE paths:	C:\Users\THIS PC\Documents\Assignment_Group4_Tetris_Game\jre1.8.0_161
Check launcher:	C:\Users\THIS PC\Documents\Assignment_Group4_Tetris_Game\jre1.8.0_161\bin\javaw.exe (OK)
Version string: 1.008.000_161 / 64-Bit (OK)
Launcher:	C:\Users\THIS PC\Documents\Assignment_Group4_Tetris_Game\jre1.8.0_161\bin\javaw.exe
Launcher args:	-jar "C:\Users\THIS PC\Documents\Assignment_Group4_Tetris_Game\CapyTetris.exe"
Args length:	78/32768 chars
Exit code:	0


Version:	3.50
CmdLine:	C:\Users\THIS PC\Documents\Assignment_Group4_Tetris_Game\CapyTetris.exe --l4j-debug
JNI:		No
WOW64:		Yes
Working dir:	C:\Users\THIS PC\Documents\Assignment_Group4_Tetris_Game\.
Requires JDK:	No
Requires 64-Bit: No
Java min ver:	
Java max ver:	
JRE paths:	C:\Users\THIS PC\Documents\Assignment_Group4_Tetris_Game\jre1.8.0_161
Check launcher:	C:\Users\THIS PC\Documents\Assignment_Group4_Tetris_Game\jre1.8.0_161\bin\javaw.exe (OK)
Version string: 1.008.000_161 / 64-Bit (OK)
Launcher:	C:\Users\THIS PC\Documents\Assignment_Group4_Tetris_Game\jre1.8.0_161\bin\javaw.exe
Launcher args:	-jar "C:\Users\THIS PC\Documents\Assignment_Group4_Tetris_Game\CapyTetris.exe"
Args length:	78/32768 chars
Exit code:	0


Version:	3.50
CmdLine:	C:\Users\THIS PC\Documents\Assignment_Group4_Tetris_Game\CapyTetris.exe --l4j-debug
JNI:		No
WOW64:		Yes
Working dir:	C:\Users\THIS PC\Documents\Assignment_Group4_Tetris_Game\.
Requires JDK:	No
Requires 64-Bit: No
Java min ver:	
Java max ver:	
JRE paths:	C:\Users\THIS PC\Documents\Assignment_Group4_Tetris_Game\jre1.8.0_161
Check launcher:	C:\Users\THIS PC\Documents\Assignment_Group4_Tetris_Game\jre1.8.0_161\bin\javaw.exe (OK)
Version string: 1.008.000_161 / 64-Bit (OK)
Launcher:	C:\Users\THIS PC\Documents\Assignment_Group4_Tetris_Game\jre1.8.0_161\bin\javaw.exe
Launcher args:	-jar "C:\Users\THIS PC\Documents\Assignment_Group4_Tetris_Game\CapyTetris.exe"
Args length:	78/32768 chars
Exit code:	0


Version:	3.50
CmdLine:	C:\Users\THIS PC\Downloads\CSD201_SE1902_Group04\tetris-game\Assignment_Group4_Tetris_Game\CapyTetris.exe --l4j-debug
JNI:		No
WOW64:		Yes
Working dir:	C:\Users\THIS PC\Downloads\CSD201_SE1902_Group04\tetris-game\Assignment_Group4_Tetris_Game\.
Requires JDK:	No
Requires 64-Bit: No
Java min ver:	1.008.000
Java max ver:	
JRE paths:	jre1.8.0_201
Check launcher:	C:\Users\THIS PC\Downloads\CSD201_SE1902_Group04\tetris-game\Assignment_Group4_Tetris_Game\jre1.8.0_201\bin\javaw.exe (OK)
Version string: 1.008.000_201 / 64-Bit (OK)
Heap -Xms:	Requested 64 MB / 0%, Available: 437 MB, Heap size: 64 MB
Heap -Xmx:	Requested 512 MB / 0%, Available: 437 MB, Heap size: 512 MB
Launcher:	C:\Users\THIS PC\Downloads\CSD201_SE1902_Group04\tetris-game\Assignment_Group4_Tetris_Game\jre1.8.0_201\bin\javaw.exe
Launcher args:	-Xms64m -Xmx512m -jar "C:\Users\THIS PC\Downloads\CSD201_SE1902_Group04\tetris-game\Assignment_Group4_Tetris_Game\CapyTetris.exe"
Args length:	129/32768 chars
Exit code:	0
